# JRE version: OpenJDK Runtime Environment (8.0_242-b01) (build 1.8.0_242-release-1644-b01)
# Java VM: OpenJDK 64-Bit Server VM (25.242-b01 mixed mode windows-amd64 compressed oops)
Heap:
 PSYoungGen      total 534016K, used 367544K [0x00000000d5580000, 0x00000000f8d00000, 0x0000000100000000)
  eden space 486912K, 68% used [0x00000000d5580000,0x00000000e9c7c668,0x00000000f3100000)
  from space 47104K, 69% used [0x00000000f3100000,0x00000000f50f1b90,0x00000000f5f00000)
  to   space 43520K, 0% used [0x00000000f6280000,0x00000000f6280000,0x00000000f8d00000)
 ParOldGen       total 229888K, used 57642K [0x0000000080000000, 0x000000008e080000, 0x00000000d5580000)
  object space 229888K, 25% used [0x0000000080000000,0x000000008384abe0,0x000000008e080000)
 Metaspace       used 119679K, capacity 125706K, committed 125952K, reserved 1159168K
  class space    used 15291K, capacity 16503K, committed 16640K, reserved 1048576K
GC Heap History (10 events):
Event: 1159.131 GC heap before
{Heap before GC invocations=37 (full 4):
 PSYoungGen      total 432640K, used 409923K [0x00000000d5580000, 0x00000000f2e80000, 0x0000000100000000)
  eden space 385024K, 100% used [0x00000000d5580000,0x00000000ecd80000,0x00000000ecd80000)
  from space 47616K, 52% used [0x00000000f0000000,0x00000000f1850f58,0x00000000f2e80000)
  to   space 49664K, 0% used [0x00000000ecd80000,0x00000000ecd80000,0x00000000efe00000)
 ParOldGen       total 229888K, used 57618K [0x0000000080000000, 0x000000008e080000, 0x00000000d5580000)
  object space 229888K, 25% used [0x0000000080000000,0x0000000083844be0,0x000000008e080000)
 Metaspace       used 119464K, capacity 125452K, committed 125568K, reserved 1159168K
  class space    used 15285K, capacity 16498K, committed 16512K, reserved 1048576K
Event: 1159.176 GC heap after
Heap after GC invocations=37 (full 4):
 PSYoungGen      total 434688K, used 34428K [0x00000000d5580000, 0x00000000f5b80000, 0x0000000100000000)
  eden space 385024K, 0% used [0x00000000d5580000,0x00000000d5580000,0x00000000ecd80000)
  from space 49664K, 69% used [0x00000000ecd80000,0x00000000eef1f318,0x00000000efe00000)
  to   space 50688K, 0% used [0x00000000f2a00000,0x00000000f2a00000,0x00000000f5b80000)
 ParOldGen       total 229888K, used 57618K [0x0000000080000000, 0x000000008e080000, 0x00000000d5580000)
  object space 229888K, 25% used [0x0000000080000000,0x0000000083844be0,0x000000008e080000)
 Metaspace       used 119464K, capacity 125452K, committed 125568K, reserved 1159168K
  class space    used 15285K, capacity 16498K, committed 16512K, reserved 1048576K
}
Event: 1161.091 GC heap before
{Heap before GC invocations=38 (full 4):
 PSYoungGen      total 434688K, used 419452K [0x00000000d5580000, 0x00000000f5b80000, 0x0000000100000000)
  eden space 385024K, 100% used [0x00000000d5580000,0x00000000ecd80000,0x00000000ecd80000)
  from space 49664K, 69% used [0x00000000ecd80000,0x00000000eef1f318,0x00000000efe00000)
  to   space 50688K, 0% used [0x00000000f2a00000,0x00000000f2a00000,0x00000000f5b80000)
 ParOldGen       total 229888K, used 57618K [0x0000000080000000, 0x000000008e080000, 0x00000000d5580000)
  object space 229888K, 25% used [0x0000000080000000,0x0000000083844be0,0x000000008e080000)
 Metaspace       used 119529K, capacity 125538K, committed 125696K, reserved 1159168K
  class space    used 15287K, capacity 16499K, committed 16640K, reserved 1048576K
Event: 1161.192 GC heap after
Heap after GC invocations=38 (full 4):
 PSYoungGen      total 479744K, used 31804K [0x00000000d5580000, 0x00000000f6280000, 0x0000000100000000)
  eden space 429056K, 0% used [0x00000000d5580000,0x00000000d5580000,0x00000000ef880000)
  from space 50688K, 62% used [0x00000000f2a00000,0x00000000f490f208,0x00000000f5b80000)
  to   space 50688K, 0% used [0x00000000ef880000,0x00000000ef880000,0x00000000f2a00000)
 ParOldGen       total 229888K, used 57618K [0x0000000080000000, 0x000000008e080000, 0x00000000d5580000)
  object space 229888K, 25% used [0x0000000080000000,0x0000000083844be0,0x000000008e080000)
 Metaspace       used 119529K, capacity 125538K, committed 125696K, reserved 1159168K
  class space    used 15287K, capacity 16499K, committed 16640K, reserved 1048576K
}
Event: 1163.548 GC heap before
{Heap before GC invocations=39 (full 4):
 PSYoungGen      total 479744K, used 460860K [0x00000000d5580000, 0x00000000f6280000, 0x0000000100000000)
  eden space 429056K, 100% used [0x00000000d5580000,0x00000000ef880000,0x00000000ef880000)
  from space 50688K, 62% used [0x00000000f2a00000,0x00000000f490f208,0x00000000f5b80000)
  to   space 50688K, 0% used [0x00000000ef880000,0x00000000ef880000,0x00000000f2a00000)
 ParOldGen       total 229888K, used 57618K [0x0000000080000000, 0x000000008e080000, 0x00000000d5580000)
  object space 229888K, 25% used [0x0000000080000000,0x0000000083844be0,0x000000008e080000)
 Metaspace       used 119570K, capacity 125614K, committed 125952K, reserved 1159168K
  class space    used 15287K, capacity 16499K, committed 16640K, reserved 1048576K
Event: 1163.656 GC heap after
Heap after GC invocations=39 (full 4):
 PSYoungGen      total 479744K, used 26080K [0x00000000d5580000, 0x00000000f9180000, 0x0000000100000000)
  eden space 429056K, 0% used [0x00000000d5580000,0x00000000d5580000,0x00000000ef880000)
  from space 50688K, 51% used [0x00000000ef880000,0x00000000f11f8380,0x00000000f2a00000)
  to   space 48128K, 0% used [0x00000000f6280000,0x00000000f6280000,0x00000000f9180000)
 ParOldGen       total 229888K, used 57626K [0x0000000080000000, 0x000000008e080000, 0x00000000d5580000)
  object space 229888K, 25% used [0x0000000080000000,0x0000000083846be0,0x000000008e080000)
 Metaspace       used 119570K, capacity 125614K, committed 125952K, reserved 1159168K
  class space    used 15287K, capacity 16499K, committed 16640K, reserved 1048576K
}
Event: 1169.618 GC heap before
{Heap before GC invocations=40 (full 4):
 PSYoungGen      total 479744K, used 455136K [0x00000000d5580000, 0x00000000f9180000, 0x0000000100000000)
  eden space 429056K, 100% used [0x00000000d5580000,0x00000000ef880000,0x00000000ef880000)
  from space 50688K, 51% used [0x00000000ef880000,0x00000000f11f8380,0x00000000f2a00000)
  to   space 48128K, 0% used [0x00000000f6280000,0x00000000f6280000,0x00000000f9180000)
 ParOldGen       total 229888K, used 57626K [0x0000000080000000, 0x000000008e080000, 0x00000000d5580000)
  object space 229888K, 25% used [0x0000000080000000,0x0000000083846be0,0x000000008e080000)
 Metaspace       used 119600K, capacity 125630K, committed 125952K, reserved 1159168K
  class space    used 15289K, capacity 16501K, committed 16640K, reserved 1048576K
Event: 1169.744 GC heap after
Heap after GC invocations=40 (full 4):
 PSYoungGen      total 530432K, used 28498K [0x00000000d5580000, 0x00000000f8d00000, 0x0000000100000000)
  eden space 486912K, 0% used [0x00000000d5580000,0x00000000d5580000,0x00000000f3100000)
  from space 43520K, 65% used [0x00000000f6280000,0x00000000f7e54a80,0x00000000f8d00000)
  to   space 47104K, 0% used [0x00000000f3100000,0x00000000f3100000,0x00000000f5f00000)
 ParOldGen       total 229888K, used 57634K [0x0000000080000000, 0x000000008e080000, 0x00000000d5580000)
  object space 229888K, 25% used [0x0000000080000000,0x0000000083848be0,0x000000008e080000)
 Metaspace       used 119600K, capacity 125630K, committed 125952K, reserved 1159168K
  class space    used 15289K, capacity 16501K, committed 16640K, reserved 1048576K
}
Event: 1174.120 GC heap before
{Heap before GC invocations=41 (full 4):
 PSYoungGen      total 530432K, used 515410K [0x00000000d5580000, 0x00000000f8d00000, 0x0000000100000000)
  eden space 486912K, 100% used [0x00000000d5580000,0x00000000f3100000,0x00000000f3100000)
  from space 43520K, 65% used [0x00000000f6280000,0x00000000f7e54a80,0x00000000f8d00000)
  to   space 47104K, 0% used [0x00000000f3100000,0x00000000f3100000,0x00000000f5f00000)
 ParOldGen       total 229888K, used 57634K [0x0000000080000000, 0x000000008e080000, 0x00000000d5580000)
  object space 229888K, 25% used [0x0000000080000000,0x0000000083848be0,0x000000008e080000)
 Metaspace       used 119633K, capacity 125636K, committed 125952K, reserved 1159168K
  class space    used 15290K, capacity 16502K, committed 16640K, reserved 1048576K
Event: 1174.244 GC heap after
Heap after GC invocations=41 (full 4):
 PSYoungGen      total 534016K, used 32710K [0x00000000d5580000, 0x00000000f8d00000, 0x0000000100000000)
  eden space 486912K, 0% used [0x00000000d5580000,0x00000000d5580000,0x00000000f3100000)
  from space 47104K, 69% used [0x00000000f3100000,0x00000000f50f1b90,0x00000000f5f00000)
  to   space 43520K, 0% used [0x00000000f6280000,0x00000000f6280000,0x00000000f8d00000)
 ParOldGen       total 229888K, used 57642K [0x0000000080000000, 0x000000008e080000, 0x00000000d5580000)
  object space 229888K, 25% used [0x0000000080000000,0x000000008384abe0,0x000000008e080000)
 Metaspace       used 119633K, capacity 125636K, committed 125952K, reserved 1159168K
  class space    used 15290K, capacity 16502K, committed 16640K, reserved 1048576K
}

